<?xml version="1.0" encoding="UTF-8"?>
<!-- Generated by org.testng.reporters.JUnitReportReporter -->
<testsuite hostname="MAVCHN1121477" failures="0" tests="1" name="testCases.testCase2" time="0.243" errors="0" timestamp="2023-03-24T14:01:59 IST" skipped="0">
  <testcase classname="testCases.testCase2" name="loginTestcase" time="0.243"/>
  <system-out/>
</testsuite> <!-- testCases.testCase2 -->
