<?xml version="1.0" encoding="UTF-8"?>
<!-- Generated by org.testng.reporters.JUnitReportReporter -->
<testsuite hostname="MAVCHN1121477" failures="0" tests="1" name="testCases.testCase1" time="0.738" errors="0" timestamp="2023-03-24T13:52:29 IST" skipped="0">
  <testcase classname="testCases.testCase1" name="loginTestcase" time="0.738"/>
  <system-out/>
</testsuite> <!-- testCases.testCase1 -->
